C51 COMPILER V9.54   GPIOCONFIG                                                            12/13/2020 16:45:16 PAGE 1   


C51 COMPILER V9.54, COMPILATION OF MODULE GPIOCONFIG
OBJECT MODULE PLACED IN .\Objects\GPIOConfig.obj
COMPILER INVOKED BY: D:\Keil_v5\C51\BIN\C51.EXE ..\Hardware\GPIOConfig\GPIOConfig.c LARGE OPTIMIZE(8,SPEED) BROWSE INCDI
                    -R(..\User;..\Hardware\LED;..\Hardware\SYSCLK;..\Hardware\GPIOConfig;..\Hardware\Delay;..\Hardware\OLED) DEBUG OBJECTEXTE
                    -ND PRINT(.\Listings\GPIOConfig.lst) OBJECT(.\Objects\GPIOConfig.obj)

line level    source

   1          #include <gpioconfig.h>
   2          #include <stc8.h>
   3          /**************************************************************************
   4          函数功能：对STC8A系列单片机IO口工作模式进行初始化
   5          入口参数：无
   6          返回  值：无
   7          作    者：陈伟杰
   8          注：
   9          P0M0 = 0x00; //设置 P0.0~P0.7 为双向口模式
  10          P0M1 = 0x00;
  11          P1M0 = 0xff; //设置 P1.0~P1.7 为推挽输出模式
  12          P1M1 = 0x00;
  13          P2M0 = 0x00; //设置 P2.0~P2.7 为高阻输入模式
  14          P2M1 = 0xff;
  15          P3M0 = 0xff; //设置 P3.0~P3.7 为开漏模式
  16          P3M1 = 0xff;
  17          **************************************************************************/
  18          void gpioconfig()
  19          {
  20   1              P0M0 = 0x00; //设置 P0.0~P0.7 为双向口模式
  21   1              P0M1 = 0x00;
  22   1      
  23   1      }


MODULE INFORMATION:   STATIC OVERLAYABLE
   CODE SIZE        =      6    ----
   CONSTANT SIZE    =   ----    ----
   XDATA SIZE       =   ----    ----
   PDATA SIZE       =   ----    ----
   DATA SIZE        =   ----    ----
   IDATA SIZE       =   ----    ----
   BIT SIZE         =   ----    ----
END OF MODULE INFORMATION.


C51 COMPILATION COMPLETE.  0 WARNING(S),  0 ERROR(S)
